Line 13: Class MSAdodcLib.Adodc of control Adodc2 was not a loaded control class.
Line 19: The property name _ExtentX in Adodc2 is invalid.
Line 20: The property name _ExtentY in Adodc2 is invalid.
Line 21: The property name ConnectMode in Adodc2 is invalid.
Line 22: The property name CursorLocation in Adodc2 is invalid.
Line 23: The property name IsolationLevel in Adodc2 is invalid.
Line 24: The property name ConnectionTimeout in Adodc2 is invalid.
Line 25: The property name CommandTimeout in Adodc2 is invalid.
Line 26: The property name CursorType in Adodc2 is invalid.
Line 27: The property name LockType in Adodc2 is invalid.
Line 28: The property name CommandType in Adodc2 is invalid.
Line 29: The property name CursorOptions in Adodc2 is invalid.
Line 30: The property name CacheSize in Adodc2 is invalid.
Line 31: The property name MaxRecords in Adodc2 is invalid.
Line 32: The property name BOFAction in Adodc2 is invalid.
Line 33: The property name EOFAction in Adodc2 is invalid.
Line 34: The property name ConnectStringType in Adodc2 is invalid.
Line 38: The property name Orientation in Adodc2 is invalid.
Line 40: The property name Connect in Adodc2 is invalid.
Line 41: The property name OLEDBString in Adodc2 is invalid.
Line 42: The property name OLEDBFile in Adodc2 is invalid.
Line 43: The property name DataSourceName in Adodc2 is invalid.
Line 44: The property name OtherAttributes in Adodc2 is invalid.
Line 45: The property name UserName in Adodc2 is invalid.
Line 46: The property name Password in Adodc2 is invalid.
Line 47: The property name RecordSource in Adodc2 is invalid.
Line 48: The property name Caption in Adodc2 is invalid.
Line 58: The property name _Version in Adodc2 is invalid.
Line 19: The property name _ExtentX in Adodc2 is invalid.
Line 20: The property name _ExtentY in Adodc2 is invalid.
Line 21: The property name ConnectMode in Adodc2 is invalid.
Line 22: The property name CursorLocation in Adodc2 is invalid.
Line 23: The property name IsolationLevel in Adodc2 is invalid.
Line 24: The property name ConnectionTimeout in Adodc2 is invalid.
Line 25: The property name CommandTimeout in Adodc2 is invalid.
Line 26: The property name CursorType in Adodc2 is invalid.
Line 27: The property name LockType in Adodc2 is invalid.
Line 28: The property name CommandType in Adodc2 is invalid.
Line 29: The property name CursorOptions in Adodc2 is invalid.
Line 30: The property name CacheSize in Adodc2 is invalid.
Line 31: The property name MaxRecords in Adodc2 is invalid.
Line 32: The property name BOFAction in Adodc2 is invalid.
Line 33: The property name EOFAction in Adodc2 is invalid.
Line 34: The property name ConnectStringType in Adodc2 is invalid.
Line 38: The property name Orientation in Adodc2 is invalid.
Line 40: The property name Connect in Adodc2 is invalid.
Line 41: The property name OLEDBString in Adodc2 is invalid.
Line 42: The property name OLEDBFile in Adodc2 is invalid.
Line 43: The property name DataSourceName in Adodc2 is invalid.
Line 44: The property name OtherAttributes in Adodc2 is invalid.
Line 45: The property name UserName in Adodc2 is invalid.
Line 46: The property name Password in Adodc2 is invalid.
Line 47: The property name RecordSource in Adodc2 is invalid.
Line 48: The property name Caption in Adodc2 is invalid.
Line 58: The property name _Version in Adodc2 is invalid.
